Nov 29, 2022 2:16:43 PM ru.student.Task2 bubbleSort
INFO: [3, 6, 0, 9, 1, 6, 10, 3, 17, 7, 12, 2, 0, 15, 4]
Nov 29, 2022 2:16:43 PM ru.student.Task2 bubbleSort
INFO: [3, 6, 0, 1, 9, 6, 10, 3, 17, 7, 12, 2, 0, 15, 4]
Nov 29, 2022 2:16:43 PM ru.student.Task2 bubbleSort
INFO: [3, 6, 0, 1, 6, 9, 10, 3, 17, 7, 12, 2, 0, 15, 4]
Nov 29, 2022 2:16:43 PM ru.student.Task2 bubbleSort
INFO: [3, 6, 0, 1, 6, 9, 3, 10, 17, 7, 12, 2, 0, 15, 4]
Nov 29, 2022 2:16:43 PM ru.student.Task2 bubbleSort
INFO: [3, 6, 0, 1, 6, 9, 3, 10, 7, 17, 12, 2, 0, 15, 4]
Nov 29, 2022 2:16:43 PM ru.student.Task2 bubbleSort
INFO: [3, 6, 0, 1, 6, 9, 3, 10, 7, 12, 17, 2, 0, 15, 4]
Nov 29, 2022 2:16:43 PM ru.student.Task2 bubbleSort
INFO: [3, 6, 0, 1, 6, 9, 3, 10, 7, 12, 2, 17, 0, 15, 4]
Nov 29, 2022 2:16:43 PM ru.student.Task2 bubbleSort
INFO: [3, 6, 0, 1, 6, 9, 3, 10, 7, 12, 2, 0, 17, 15, 4]
Nov 29, 2022 2:16:43 PM ru.student.Task2 bubbleSort
INFO: [3, 6, 0, 1, 6, 9, 3, 10, 7, 12, 2, 0, 15, 17, 4]
Nov 29, 2022 2:16:43 PM ru.student.Task2 bubbleSort
INFO: [3, 6, 0, 1, 6, 9, 3, 10, 7, 12, 2, 0, 15, 4, 17]
Nov 29, 2022 2:16:43 PM ru.student.Task2 bubbleSort
INFO: [3, 0, 6, 1, 6, 9, 3, 10, 7, 12, 2, 0, 15, 4, 17]
Nov 29, 2022 2:16:43 PM ru.student.Task2 bubbleSort
INFO: [3, 0, 1, 6, 6, 9, 3, 10, 7, 12, 2, 0, 15, 4, 17]
Nov 29, 2022 2:16:43 PM ru.student.Task2 bubbleSort
INFO: [3, 0, 1, 6, 6, 3, 9, 10, 7, 12, 2, 0, 15, 4, 17]
Nov 29, 2022 2:16:43 PM ru.student.Task2 bubbleSort
INFO: [3, 0, 1, 6, 6, 3, 9, 7, 10, 12, 2, 0, 15, 4, 17]
Nov 29, 2022 2:16:43 PM ru.student.Task2 bubbleSort
INFO: [3, 0, 1, 6, 6, 3, 9, 7, 10, 2, 12, 0, 15, 4, 17]
Nov 29, 2022 2:16:43 PM ru.student.Task2 bubbleSort
INFO: [3, 0, 1, 6, 6, 3, 9, 7, 10, 2, 0, 12, 15, 4, 17]
Nov 29, 2022 2:16:43 PM ru.student.Task2 bubbleSort
INFO: [3, 0, 1, 6, 6, 3, 9, 7, 10, 2, 0, 12, 4, 15, 17]
Nov 29, 2022 2:16:43 PM ru.student.Task2 bubbleSort
INFO: [0, 3, 1, 6, 6, 3, 9, 7, 10, 2, 0, 12, 4, 15, 17]
Nov 29, 2022 2:16:43 PM ru.student.Task2 bubbleSort
INFO: [0, 1, 3, 6, 6, 3, 9, 7, 10, 2, 0, 12, 4, 15, 17]
Nov 29, 2022 2:16:43 PM ru.student.Task2 bubbleSort
INFO: [0, 1, 3, 6, 3, 6, 9, 7, 10, 2, 0, 12, 4, 15, 17]
Nov 29, 2022 2:16:43 PM ru.student.Task2 bubbleSort
INFO: [0, 1, 3, 6, 3, 6, 7, 9, 10, 2, 0, 12, 4, 15, 17]
Nov 29, 2022 2:16:43 PM ru.student.Task2 bubbleSort
INFO: [0, 1, 3, 6, 3, 6, 7, 9, 2, 10, 0, 12, 4, 15, 17]
Nov 29, 2022 2:16:43 PM ru.student.Task2 bubbleSort
INFO: [0, 1, 3, 6, 3, 6, 7, 9, 2, 0, 10, 12, 4, 15, 17]
Nov 29, 2022 2:16:43 PM ru.student.Task2 bubbleSort
INFO: [0, 1, 3, 6, 3, 6, 7, 9, 2, 0, 10, 4, 12, 15, 17]
Nov 29, 2022 2:16:43 PM ru.student.Task2 bubbleSort
INFO: [0, 1, 3, 3, 6, 6, 7, 9, 2, 0, 10, 4, 12, 15, 17]
Nov 29, 2022 2:16:43 PM ru.student.Task2 bubbleSort
INFO: [0, 1, 3, 3, 6, 6, 7, 2, 9, 0, 10, 4, 12, 15, 17]
Nov 29, 2022 2:16:43 PM ru.student.Task2 bubbleSort
INFO: [0, 1, 3, 3, 6, 6, 7, 2, 0, 9, 10, 4, 12, 15, 17]
Nov 29, 2022 2:16:43 PM ru.student.Task2 bubbleSort
INFO: [0, 1, 3, 3, 6, 6, 7, 2, 0, 9, 4, 10, 12, 15, 17]
Nov 29, 2022 2:16:43 PM ru.student.Task2 bubbleSort
INFO: [0, 1, 3, 3, 6, 6, 2, 7, 0, 9, 4, 10, 12, 15, 17]
Nov 29, 2022 2:16:43 PM ru.student.Task2 bubbleSort
INFO: [0, 1, 3, 3, 6, 6, 2, 0, 7, 9, 4, 10, 12, 15, 17]
Nov 29, 2022 2:16:43 PM ru.student.Task2 bubbleSort
INFO: [0, 1, 3, 3, 6, 6, 2, 0, 7, 4, 9, 10, 12, 15, 17]
Nov 29, 2022 2:16:43 PM ru.student.Task2 bubbleSort
INFO: [0, 1, 3, 3, 6, 2, 6, 0, 7, 4, 9, 10, 12, 15, 17]
Nov 29, 2022 2:16:43 PM ru.student.Task2 bubbleSort
INFO: [0, 1, 3, 3, 6, 2, 0, 6, 7, 4, 9, 10, 12, 15, 17]
Nov 29, 2022 2:16:43 PM ru.student.Task2 bubbleSort
INFO: [0, 1, 3, 3, 6, 2, 0, 6, 4, 7, 9, 10, 12, 15, 17]
Nov 29, 2022 2:16:43 PM ru.student.Task2 bubbleSort
INFO: [0, 1, 3, 3, 2, 6, 0, 6, 4, 7, 9, 10, 12, 15, 17]
Nov 29, 2022 2:16:43 PM ru.student.Task2 bubbleSort
INFO: [0, 1, 3, 3, 2, 0, 6, 6, 4, 7, 9, 10, 12, 15, 17]
Nov 29, 2022 2:16:43 PM ru.student.Task2 bubbleSort
INFO: [0, 1, 3, 3, 2, 0, 6, 4, 6, 7, 9, 10, 12, 15, 17]
Nov 29, 2022 2:16:43 PM ru.student.Task2 bubbleSort
INFO: [0, 1, 3, 2, 3, 0, 6, 4, 6, 7, 9, 10, 12, 15, 17]
Nov 29, 2022 2:16:43 PM ru.student.Task2 bubbleSort
INFO: [0, 1, 3, 2, 0, 3, 6, 4, 6, 7, 9, 10, 12, 15, 17]
Nov 29, 2022 2:16:43 PM ru.student.Task2 bubbleSort
INFO: [0, 1, 3, 2, 0, 3, 4, 6, 6, 7, 9, 10, 12, 15, 17]
Nov 29, 2022 2:16:43 PM ru.student.Task2 bubbleSort
INFO: [0, 1, 2, 3, 0, 3, 4, 6, 6, 7, 9, 10, 12, 15, 17]
Nov 29, 2022 2:16:43 PM ru.student.Task2 bubbleSort
INFO: [0, 1, 2, 0, 3, 3, 4, 6, 6, 7, 9, 10, 12, 15, 17]
Nov 29, 2022 2:16:43 PM ru.student.Task2 bubbleSort
INFO: [0, 1, 0, 2, 3, 3, 4, 6, 6, 7, 9, 10, 12, 15, 17]
Nov 29, 2022 2:16:43 PM ru.student.Task2 bubbleSort
INFO: [0, 0, 1, 2, 3, 3, 4, 6, 6, 7, 9, 10, 12, 15, 17]
